<?xml version="1.0" encoding="utf-8"?><testsuites name="pytest tests"><testsuite name="pytest" errors="0" failures="0" skipped="0" tests="20" time="5.577" timestamp="2026-03-18T15:04:45.137630+00:00" hostname="agent-env-1abe8961-a48e-4fd7-8cd3-b431bb7df8d7"><testcase classname="tests.test_health.TestConnectivity" name="test_base_url_configured" time="0.001" /><testcase classname="tests.test_health.TestConnectivity" name="test_contractors_endpoint_accessible" time="0.305" /><testcase classname="tests.test_health.TestConnectivity" name="test_contractor_types_endpoint" time="0.174" /><testcase classname="tests.test_auth.TestAuth" name="test_login_demo_client_success" time="0.435" /><testcase classname="tests.test_auth.TestAuth" name="test_login_demo_contractor_success" time="0.385" /><testcase classname="tests.test_auth.TestAuth" name="test_login_invalid_credentials" time="0.160" /><testcase classname="tests.test_auth.TestAuth" name="test_register_client_success" time="0.644" /><testcase classname="tests.test_auth.TestAuth" name="test_register_contractor_success" time="0.348" /><testcase classname="tests.test_auth.TestAuth" name="test_register_contractor_without_type_fails" time="0.154" /><testcase classname="tests.test_auth.TestAuth" name="test_register_duplicate_email_fails" time="0.123" /><testcase classname="tests.test_auth.TestAuth" name="test_get_me_authenticated" time="0.541" /><testcase classname="tests.test_auth.TestAuth" name="test_get_me_unauthenticated" time="0.111" /><testcase classname="tests.test_contractors.TestContractors" name="test_list_all_contractors" time="0.124" /><testcase classname="tests.test_contractors.TestContractors" name="test_filter_contractors_by_category" time="0.116" /><testcase classname="tests.test_contractors.TestContractors" name="test_contractors_with_location_params" time="0.118" /><testcase classname="tests.test_contractors.TestContractors" name="test_get_contractor_detail" time="0.178" /><testcase classname="tests.test_contractors.TestContractors" name="test_get_nonexistent_contractor_404" time="0.149" /><testcase classname="tests.test_contractors.TestContractors" name="test_update_contractor_location" time="0.489" /><testcase classname="tests.test_contractors.TestContractors" name="test_update_contractor_profile" time="0.499" /><testcase classname="tests.test_contractors.TestContractors" name="test_client_cannot_update_location" time="0.466" /></testsuite></testsuites>