<?xml version="1.0" encoding="utf-8"?><testsuites name="pytest tests"><testsuite name="pytest" errors="0" failures="0" skipped="1" tests="17" time="6.878" timestamp="2026-03-18T15:04:55.017626+00:00" hostname="agent-env-1abe8961-a48e-4fd7-8cd3-b431bb7df8d7"><testcase classname="tests.test_messaging.TestMessaging" name="test_create_conversation_and_verify" time="0.633" /><testcase classname="tests.test_messaging.TestMessaging" name="test_create_duplicate_conversation_returns_existing" time="0.574" /><testcase classname="tests.test_messaging.TestMessaging" name="test_list_conversations" time="0.425" /><testcase classname="tests.test_messaging.TestMessaging" name="test_get_messages_for_conversation" time="0.539" /><testcase classname="tests.test_messaging.TestMessaging" name="test_create_conversation_with_invalid_user_fails" time="0.449" /><testcase classname="tests.test_messaging.TestMessaging" name="test_conversations_require_auth" time="0.119" /><testcase classname="tests.test_reviews.TestReviews" name="test_create_review_and_verify" time="0.548" /><testcase classname="tests.test_reviews.TestReviews" name="test_rating_clamped_to_valid_range" time="0.549" /><testcase classname="tests.test_reviews.TestReviews" name="test_get_reviews_for_contractor" time="0.228" /><testcase classname="tests.test_reviews.TestReviews" name="test_review_requires_authentication" time="0.189" /><testcase classname="tests.test_portfolio.TestPortfolio" name="test_create_portfolio_item_and_verify" time="0.560" /><testcase classname="tests.test_portfolio.TestPortfolio" name="test_get_portfolio_for_contractor" time="0.215" /><testcase classname="tests.test_portfolio.TestPortfolio" name="test_client_cannot_create_portfolio" time="0.451" /><testcase classname="tests.test_portfolio.TestPortfolio" name="test_portfolio_requires_authentication" time="0.150" /><testcase classname="tests.test_contracts.TestContracts" name="test_generate_contract_success" time="0.532"><skipped type="pytest.skip" message="EMERGENT_LLM_KEY not configured">/app/backend/tests/test_contracts.py:14: EMERGENT_LLM_KEY not configured</skipped></testcase><testcase classname="tests.test_contracts.TestContracts" name="test_list_contracts" time="0.543" /><testcase classname="tests.test_contracts.TestContracts" name="test_contracts_require_authentication" time="0.111" /></testsuite></testsuites>