<?xml version="1.0" encoding="utf-8"?><testsuites name="pytest tests"><testsuite name="pytest" errors="0" failures="0" skipped="0" tests="6" time="10.107" timestamp="2026-03-18T15:05:45.721303+00:00" hostname="agent-env-1abe8961-a48e-4fd7-8cd3-b431bb7df8d7"><testcase classname="tests.test_websocket.TestWebSocket" name="test_socket_connection_lifecycle" time="0.366" /><testcase classname="tests.test_websocket.TestWebSocket" name="test_socket_authenticate" time="0.720" /><testcase classname="tests.test_websocket.TestWebSocket" name="test_socket_join_room" time="0.709" /><testcase classname="tests.test_websocket.TestWebSocket" name="test_socket_send_and_receive_message" time="3.492" /><testcase classname="tests.test_websocket.TestWebSocket" name="test_socket_typing_event" time="1.243" /><testcase classname="tests.test_websocket.TestWebSocket" name="test_multiple_clients_same_room" time="3.445" /></testsuite></testsuites>